Build started 04/10/2012 9:48:15 AM.
     1>Project "C:\Users\shamyl\Documents\Visual Studio 2008\Projects\OpenGLBasics\OpenGLBasics\OpenGLBasics\OpenGLBasics.vcxproj" on node 2 (build target(s)).
     1>InitializeBuildStatus:
         Creating "Debug\OpenGLBasics.unsuccessfulbuild" because "AlwaysCreate" was specified.
       ClCompile:
         f:\Program Files (x86)\Microsoft Visual Studio 10.0\VC\bin\CL.exe /c /ZI /nologo /W3 /WX- /Od /Oy- /D WIN32 /D _DEBUG /D _CONSOLE /D _UNICODE /D UNICODE /Gm /EHsc /RTC1 /MDd /GS /fp:precise /Zc:wchar_t /Zc:forScope /Fo"Debug\\" /Fd"Debug\vc100.pdb" /Gd /TP /analyze- /errorReport:prompt OpenGL2D.cpp
         OpenGL2D.cpp
       ManifestResourceCompile:
         All outputs are up-to-date.
       Link:
         f:\Program Files (x86)\Microsoft Visual Studio 10.0\VC\bin\link.exe /ERRORREPORT:PROMPT /OUT:"C:\Users\shamyl\Documents\Visual Studio 2008\Projects\OpenGLBasics\OpenGLBasics\Debug\OpenGLBasics.exe" /INCREMENTAL /NOLOGO kernel32.lib user32.lib gdi32.lib winspool.lib comdlg32.lib advapi32.lib shell32.lib ole32.lib oleaut32.lib uuid.lib odbc32.lib odbccp32.lib /MANIFEST /ManifestFile:"Debug\OpenGLBasics.exe.intermediate.manifest" /MANIFESTUAC:"level='asInvoker' uiAccess='false'" /DEBUG /PDB:"C:\Users\shamyl\Documents\Visual Studio 2008\Projects\OpenGLBasics\OpenGLBasics\Debug\OpenGLBasics.pdb" /SUBSYSTEM:CONSOLE /TLBID:1 /DYNAMICBASE /NXCOMPAT /IMPLIB:"C:\Users\shamyl\Documents\Visual Studio 2008\Projects\OpenGLBasics\OpenGLBasics\Debug\OpenGLBasics.lib" /MACHINE:X86 Debug\OpenGLBasics.exe.embed.manifest.res
         Debug\OpenGL2D.obj
       Manifest:
         C:\Program Files (x86)\Microsoft SDKs\Windows\v7.0A\bin\mt.exe /nologo /verbose /out:"Debug\OpenGLBasics.exe.embed.manifest" /manifest Debug\OpenGLBasics.exe.intermediate.manifest
         All outputs are up-to-date.
       LinkEmbedManifest:
         All outputs are up-to-date.
         OpenGLBasics.vcxproj -> C:\Users\shamyl\Documents\Visual Studio 2008\Projects\OpenGLBasics\OpenGLBasics\Debug\OpenGLBasics.exe
       FinalizeBuildStatus:
         Deleting file "Debug\OpenGLBasics.unsuccessfulbuild".
         Touching "Debug\OpenGLBasics.lastbuildstate".
     1>Done Building Project "C:\Users\shamyl\Documents\Visual Studio 2008\Projects\OpenGLBasics\OpenGLBasics\OpenGLBasics\OpenGLBasics.vcxproj" (build target(s)).

Build succeeded.

Time Elapsed 00:00:01.94
