C:\USERS\SHAMYL\DOCUMENTS\VISUAL STUDIO 2008\PROJECTS\OPENGLBASICS\OPENGLBASICS\DEBUG\OPENGLBASICS.EXE
C:\USERS\SHAMYL\DOCUMENTS\VISUAL STUDIO 2008\PROJECTS\OPENGLBASICS\OPENGLBASICS\DEBUG\OPENGLBASICS.ILK
C:\USERS\SHAMYL\DOCUMENTS\VISUAL STUDIO 2008\PROJECTS\OPENGLBASICS\OPENGLBASICS\DEBUG\OPENGLBASICS.PDB
C:\Users\shamyl\Documents\Visual Studio 2008\Projects\OpenGLBasics\OpenGLBasics\OpenGLBasics\Debug\cl.command.1.tlog
C:\Users\shamyl\Documents\Visual Studio 2008\Projects\OpenGLBasics\OpenGLBasics\OpenGLBasics\Debug\CL.read.1.tlog
C:\Users\shamyl\Documents\Visual Studio 2008\Projects\OpenGLBasics\OpenGLBasics\OpenGLBasics\Debug\CL.write.1.tlog
C:\Users\shamyl\Documents\Visual Studio 2008\Projects\OpenGLBasics\OpenGLBasics\OpenGLBasics\Debug\link.2456.read.1.tlog
C:\Users\shamyl\Documents\Visual Studio 2008\Projects\OpenGLBasics\OpenGLBasics\OpenGLBasics\Debug\link.2456.write.1.tlog
C:\Users\shamyl\Documents\Visual Studio 2008\Projects\OpenGLBasics\OpenGLBasics\OpenGLBasics\Debug\link.2456-cvtres.read.1.tlog
C:\Users\shamyl\Documents\Visual Studio 2008\Projects\OpenGLBasics\OpenGLBasics\OpenGLBasics\Debug\link.2456-cvtres.write.1.tlog
C:\Users\shamyl\Documents\Visual Studio 2008\Projects\OpenGLBasics\OpenGLBasics\OpenGLBasics\Debug\link.4484.read.1.tlog
C:\Users\shamyl\Documents\Visual Studio 2008\Projects\OpenGLBasics\OpenGLBasics\OpenGLBasics\Debug\link.4484.write.1.tlog
C:\Users\shamyl\Documents\Visual Studio 2008\Projects\OpenGLBasics\OpenGLBasics\OpenGLBasics\Debug\link.4484-cvtres.read.1.tlog
C:\Users\shamyl\Documents\Visual Studio 2008\Projects\OpenGLBasics\OpenGLBasics\OpenGLBasics\Debug\link.4484-cvtres.write.1.tlog
C:\Users\shamyl\Documents\Visual Studio 2008\Projects\OpenGLBasics\OpenGLBasics\OpenGLBasics\Debug\link.command.1.tlog
C:\Users\shamyl\Documents\Visual Studio 2008\Projects\OpenGLBasics\OpenGLBasics\OpenGLBasics\Debug\link.read.1.tlog
C:\Users\shamyl\Documents\Visual Studio 2008\Projects\OpenGLBasics\OpenGLBasics\OpenGLBasics\Debug\link.write.1.tlog
C:\Users\shamyl\Documents\Visual Studio 2008\Projects\OpenGLBasics\OpenGLBasics\OpenGLBasics\Debug\link-cvtres.read.1.tlog
C:\Users\shamyl\Documents\Visual Studio 2008\Projects\OpenGLBasics\OpenGLBasics\OpenGLBasics\Debug\link-cvtres.write.1.tlog
C:\USERS\SHAMYL\DOCUMENTS\VISUAL STUDIO 2008\PROJECTS\OPENGLBASICS\OPENGLBASICS\OPENGLBASICS\DEBUG\MAIN.OBJ
C:\Users\shamyl\Documents\Visual Studio 2008\Projects\OpenGLBasics\OpenGLBasics\OpenGLBasics\Debug\mt.command.1.tlog
C:\Users\shamyl\Documents\Visual Studio 2008\Projects\OpenGLBasics\OpenGLBasics\OpenGLBasics\Debug\mt.read.1.tlog
C:\Users\shamyl\Documents\Visual Studio 2008\Projects\OpenGLBasics\OpenGLBasics\OpenGLBasics\Debug\mt.write.1.tlog
C:\USERS\SHAMYL\DOCUMENTS\VISUAL STUDIO 2008\PROJECTS\OPENGLBASICS\OPENGLBASICS\OPENGLBASICS\DEBUG\OPENGL2D.OBJ
C:\USERS\SHAMYL\DOCUMENTS\VISUAL STUDIO 2008\PROJECTS\OPENGLBASICS\OPENGLBASICS\OPENGLBASICS\DEBUG\OPENGLBASICS.EXE.EMBED.MANIFEST
C:\USERS\SHAMYL\DOCUMENTS\VISUAL STUDIO 2008\PROJECTS\OPENGLBASICS\OPENGLBASICS\OPENGLBASICS\DEBUG\OPENGLBASICS.EXE.EMBED.MANIFEST.RES
C:\USERS\SHAMYL\DOCUMENTS\VISUAL STUDIO 2008\PROJECTS\OPENGLBASICS\OPENGLBASICS\OPENGLBASICS\DEBUG\OPENGLBASICS.EXE.INTERMEDIATE.MANIFEST
C:\Users\shamyl\Documents\Visual Studio 2008\Projects\OpenGLBasics\OpenGLBasics\OpenGLBasics\Debug\OpenGLBasics_manifest.rc
C:\Users\shamyl\Documents\Visual Studio 2008\Projects\OpenGLBasics\OpenGLBasics\OpenGLBasics\Debug\rc.command.1.tlog
C:\Users\shamyl\Documents\Visual Studio 2008\Projects\OpenGLBasics\OpenGLBasics\OpenGLBasics\Debug\rc.read.1.tlog
C:\Users\shamyl\Documents\Visual Studio 2008\Projects\OpenGLBasics\OpenGLBasics\OpenGLBasics\Debug\rc.write.1.tlog
C:\Users\shamyl\Documents\Visual Studio 2008\Projects\OpenGLBasics\OpenGLBasics\OpenGLBasics\Debug\vc100.idb
C:\USERS\SHAMYL\DOCUMENTS\VISUAL STUDIO 2008\PROJECTS\OPENGLBASICS\OPENGLBASICS\OPENGLBASICS\DEBUG\VC100.PDB
